<?xml version="1.0" encoding="UTF-8"?>
<testsuite xmlns:xsi="http://www.w3.org/2001/XMLSchema-instance" xsi:schemaLocation="https://maven.apache.org/surefire/maven-surefire-plugin/xsd/surefire-test-report.xsd" name="RunCukesTest" time="28.689" tests="5" errors="0" skipped="0" failures="0">
  <properties>
[...]
</properties>
  <testcase name="Given I open main page" classname="Scenario: Not authorized user searching a product" time="0.002"/>
  <testcase name="And I enter a product name Iphone in search field" classname="Scenario: Not authorized user searching a product" time="0"/>
  <testcase name="And I click on submit button" classname="Scenario: Not authorized user searching a product" time="0"/>
  <testcase name="Then the first one should contain text in title Iphone" classname="Scenario: Not authorized user searching a product" time="0"/>
  <testcase name="Scenario: Not authorized user searching a product" classname="Scenario: Not authorized user searching a product" time="0.082"/>
</testsuite>